Build started 5/21/2021 9:18:05 AM.
     1>Project "F:\02 - Research\19 - Maximum Object Enclosing Rectangles\01 - MaxRS_cpp\MaxRS_cpp.vcxproj" on node 2 (Build target(s)).
     1>ClCompile:
         C:\Program Files (x86)\Microsoft Visual Studio 14.0\VC\bin\CL.exe /c /Zi /nologo /W3 /WX- /Od /Oy- /D WIN32 /D _DEBUG /D _CONSOLE /Gm /EHsc /RTC1 /MDd /GS /fp:precise /Zc:wchar_t /Zc:forScope /Zc:inline /Fo"Debug\\" /Fd"Debug\vc140.pdb" /Gd /TP /analyze- /errorReport:prompt Main.cpp
         Main.cpp
     1>Main.cpp(34): warning C4244: 'argument': conversion from 'double' to 'float', possible loss of data
     1>Main.cpp(39): warning C4018: '<': signed/unsigned mismatch
     1>Main.cpp(482): warning C4018: '<': signed/unsigned mismatch
     1>Main.cpp(504): warning C4390: ';': empty controlled statement found; is this the intent?
     1>Main.cpp(517): warning C4390: ';': empty controlled statement found; is this the intent?
     1>Main.cpp(541): warning C4018: '<': signed/unsigned mismatch
     1>Main.cpp(546): warning C4018: '<': signed/unsigned mismatch
     1>Main.cpp(558): warning C4018: '<': signed/unsigned mismatch
     1>Main.cpp(570): warning C4018: '<': signed/unsigned mismatch
       Link:
         C:\Program Files (x86)\Microsoft Visual Studio 14.0\VC\bin\link.exe /ERRORREPORT:PROMPT /OUT:"F:\02 - Research\19 - Maximum Object Enclosing Rectangles\01 - MaxRS_cpp\Debug\MaxRS_cpp.exe" /INCREMENTAL /NOLOGO kernel32.lib user32.lib gdi32.lib winspool.lib comdlg32.lib advapi32.lib shell32.lib ole32.lib oleaut32.lib uuid.lib odbc32.lib odbccp32.lib /MANIFEST /MANIFESTUAC:"level='asInvoker' uiAccess='false'" /manifest:embed /Debug /PDB:"F:\02 - Research\19 - Maximum Object Enclosing Rectangles\01 - MaxRS_cpp\Debug\MaxRS_cpp.pdb" /SUBSYSTEM:CONSOLE /TLBID:1 /DYNAMICBASE /NXCOMPAT /IMPLIB:"F:\02 - Research\19 - Maximum Object Enclosing Rectangles\01 - MaxRS_cpp\Debug\MaxRS_cpp.lib" /MACHINE:X86 Debug\Main.obj
         MaxRS_cpp.vcxproj -> F:\02 - Research\19 - Maximum Object Enclosing Rectangles\01 - MaxRS_cpp\Debug\MaxRS_cpp.exe
     1>Done Building Project "F:\02 - Research\19 - Maximum Object Enclosing Rectangles\01 - MaxRS_cpp\MaxRS_cpp.vcxproj" (Build target(s)).

Build succeeded.

Time Elapsed 00:00:00.91
